<?xml version="1.0" encoding="UTF-8"?>
<!-- Generated by org.testng.reporters.JUnitReportReporter -->
<testsuite hostname="qxu-macbook-pro.lan" failures="0" tests="1" name="com.qa.automation.TestLogin" time="12.913" errors="0" timestamp="2020-05-12T11:20:42 PDT" skipped="0">
  <testcase classname="com.qa.automation.TestLogin" name="loginTest" time="12.913"/>
  <system-out/>
</testsuite> <!-- com.qa.automation.TestLogin -->
